# JRE version: OpenJDK Runtime Environment (8.0_121-b13) (build 1.8.0_121-8u121-b13-0ubuntu1.16.10.2-b13)
# Java VM: OpenJDK 64-Bit Server VM (25.121-b13 mixed mode linux-amd64 compressed oops)
Heap:
 PSYoungGen      total 134144K, used 5639K [0x00000000ebd80000, 0x00000000f4880000, 0x0000000100000000)
  eden space 125952K, 0% used [0x00000000ebd80000,0x00000000ebd80000,0x00000000f3880000)
  from space 8192K, 68% used [0x00000000f3880000,0x00000000f3e01d98,0x00000000f4080000)
  to   space 8192K, 0% used [0x00000000f4080000,0x00000000f4080000,0x00000000f4880000)
 ParOldGen       total 30208K, used 8276K [0x00000000c3800000, 0x00000000c5580000, 0x00000000ebd80000)
  object space 30208K, 27% used [0x00000000c3800000,0x00000000c40152e0,0x00000000c5580000)
 Metaspace       used 22942K, capacity 23488K, committed 23600K, reserved 1071104K
  class space    used 2705K, capacity 2842K, committed 2864K, reserved 1048576K
GC Heap History (10 events):
Event: 1,557 GC heap after
Heap after GC invocations=5 (full 0):
 PSYoungGen      total 34304K, used 2528K [0x00000000ebd80000, 0x00000000f0780000, 0x0000000100000000)
  eden space 31744K, 0% used [0x00000000ebd80000,0x00000000ebd80000,0x00000000edc80000)
  from space 2560K, 98% used [0x00000000edc80000,0x00000000edef8020,0x00000000edf00000)
  to   space 6144K, 0% used [0x00000000f0180000,0x00000000f0180000,0x00000000f0780000)
 ParOldGen       total 42496K, used 6516K [0x00000000c3800000, 0x00000000c6180000, 0x00000000ebd80000)
  object space 42496K, 15% used [0x00000000c3800000,0x00000000c3e5d0f8,0x00000000c6180000)
 Metaspace       used 13677K, capacity 13798K, committed 14080K, reserved 1060864K
  class space    used 1672K, capacity 1737K, committed 1792K, reserved 1048576K
}
Event: 2,063 GC heap before
{Heap before GC invocations=6 (full 0):
 PSYoungGen      total 34304K, used 34272K [0x00000000ebd80000, 0x00000000f0780000, 0x0000000100000000)
  eden space 31744K, 100% used [0x00000000ebd80000,0x00000000edc80000,0x00000000edc80000)
  from space 2560K, 98% used [0x00000000edc80000,0x00000000edef8020,0x00000000edf00000)
  to   space 6144K, 0% used [0x00000000f0180000,0x00000000f0180000,0x00000000f0780000)
 ParOldGen       total 42496K, used 6516K [0x00000000c3800000, 0x00000000c6180000, 0x00000000ebd80000)
  object space 42496K, 15% used [0x00000000c3800000,0x00000000c3e5d0f8,0x00000000c6180000)
 Metaspace       used 16175K, capacity 16446K, committed 16640K, reserved 1064960K
  class space    used 1919K, capacity 2012K, committed 2048K, reserved 1048576K
Event: 2,077 GC heap after
Heap after GC invocations=6 (full 0):
 PSYoungGen      total 69120K, used 5791K [0x00000000ebd80000, 0x00000000f0880000, 0x0000000100000000)
  eden space 62976K, 0% used [0x00000000ebd80000,0x00000000ebd80000,0x00000000efb00000)
  from space 6144K, 94% used [0x00000000f0180000,0x00000000f0727e68,0x00000000f0780000)
  to   space 6656K, 0% used [0x00000000efb00000,0x00000000efb00000,0x00000000f0180000)
 ParOldGen       total 42496K, used 6524K [0x00000000c3800000, 0x00000000c6180000, 0x00000000ebd80000)
  object space 42496K, 15% used [0x00000000c3800000,0x00000000c3e5f0f8,0x00000000c6180000)
 Metaspace       used 16175K, capacity 16446K, committed 16640K, reserved 1064960K
  class space    used 1919K, capacity 2012K, committed 2048K, reserved 1048576K
}
Event: 2,985 GC heap before
{Heap before GC invocations=7 (full 0):
 PSYoungGen      total 69120K, used 68767K [0x00000000ebd80000, 0x00000000f0880000, 0x0000000100000000)
  eden space 62976K, 100% used [0x00000000ebd80000,0x00000000efb00000,0x00000000efb00000)
  from space 6144K, 94% used [0x00000000f0180000,0x00000000f0727e68,0x00000000f0780000)
  to   space 6656K, 0% used [0x00000000efb00000,0x00000000efb00000,0x00000000f0180000)
 ParOldGen       total 42496K, used 6524K [0x00000000c3800000, 0x00000000c6180000, 0x00000000ebd80000)
  object space 42496K, 15% used [0x00000000c3800000,0x00000000c3e5f0f8,0x00000000c6180000)
 Metaspace       used 20318K, capacity 20896K, committed 20992K, reserved 1067008K
  class space    used 2425K, capacity 2554K, committed 2560K, reserved 1048576K
Event: 3,016 GC heap after
Heap after GC invocations=7 (full 0):
 PSYoungGen      total 69632K, used 6652K [0x00000000ebd80000, 0x00000000f4880000, 0x0000000100000000)
  eden space 62976K, 0% used [0x00000000ebd80000,0x00000000ebd80000,0x00000000efb00000)
  from space 6656K, 99% used [0x00000000efb00000,0x00000000f017f080,0x00000000f0180000)
  to   space 8192K, 0% used [0x00000000f4080000,0x00000000f4080000,0x00000000f4880000)
 ParOldGen       total 42496K, used 8120K [0x00000000c3800000, 0x00000000c6180000, 0x00000000ebd80000)
  object space 42496K, 19% used [0x00000000c3800000,0x00000000c3fee120,0x00000000c6180000)
 Metaspace       used 20318K, capacity 20896K, committed 20992K, reserved 1067008K
  class space    used 2425K, capacity 2554K, committed 2560K, reserved 1048576K
}
Event: 3,040 GC heap before
{Heap before GC invocations=8 (full 0):
 PSYoungGen      total 69632K, used 9289K [0x00000000ebd80000, 0x00000000f4880000, 0x0000000100000000)
  eden space 62976K, 4% used [0x00000000ebd80000,0x00000000ec0135c0,0x00000000efb00000)
  from space 6656K, 99% used [0x00000000efb00000,0x00000000f017f080,0x00000000f0180000)
  to   space 8192K, 0% used [0x00000000f4080000,0x00000000f4080000,0x00000000f4880000)
 ParOldGen       total 42496K, used 8120K [0x00000000c3800000, 0x00000000c6180000, 0x00000000ebd80000)
  object space 42496K, 19% used [0x00000000c3800000,0x00000000c3fee120,0x00000000c6180000)
 Metaspace       used 20690K, capacity 21184K, committed 21296K, reserved 1069056K
  class space    used 2474K, capacity 2586K, committed 2608K, reserved 1048576K
Event: 3,052 GC heap after
Heap after GC invocations=8 (full 0):
 PSYoungGen      total 134144K, used 5584K [0x00000000ebd80000, 0x00000000f4880000, 0x0000000100000000)
  eden space 125952K, 0% used [0x00000000ebd80000,0x00000000ebd80000,0x00000000f3880000)
  from space 8192K, 68% used [0x00000000f4080000,0x00000000f45f4030,0x00000000f4880000)
  to   space 8192K, 0% used [0x00000000f3880000,0x00000000f3880000,0x00000000f4080000)
 ParOldGen       total 42496K, used 8770K [0x00000000c3800000, 0x00000000c6180000, 0x00000000ebd80000)
  object space 42496K, 20% used [0x00000000c3800000,0x00000000c4090950,0x00000000c6180000)
 Metaspace       used 20690K, capacity 21184K, committed 21296K, reserved 1069056K
  class space    used 2474K, capacity 2586K, committed 2608K, reserved 1048576K
}
Event: 3,052 GC heap before
{Heap before GC invocations=9 (full 1):
 PSYoungGen      total 134144K, used 5584K [0x00000000ebd80000, 0x00000000f4880000, 0x0000000100000000)
  eden space 125952K, 0% used [0x00000000ebd80000,0x00000000ebd80000,0x00000000f3880000)
  from space 8192K, 68% used [0x00000000f4080000,0x00000000f45f4030,0x00000000f4880000)
  to   space 8192K, 0% used [0x00000000f3880000,0x00000000f3880000,0x00000000f4080000)
 ParOldGen       total 42496K, used 8770K [0x00000000c3800000, 0x00000000c6180000, 0x00000000ebd80000)
  object space 42496K, 20% used [0x00000000c3800000,0x00000000c4090950,0x00000000c6180000)
 Metaspace       used 20690K, capacity 21184K, committed 21296K, reserved 1069056K
  class space    used 2474K, capacity 2586K, committed 2608K, reserved 1048576K
Event: 3,123 GC heap after
Heap after GC invocations=9 (full 1):
 PSYoungGen      total 134144K, used 0K [0x00000000ebd80000, 0x00000000f4880000, 0x0000000100000000)
  eden space 125952K, 0% used [0x00000000ebd80000,0x00000000ebd80000,0x00000000f3880000)
  from space 8192K, 0% used [0x00000000f4080000,0x00000000f4080000,0x00000000f4880000)
  to   space 8192K, 0% used [0x00000000f3880000,0x00000000f3880000,0x00000000f4080000)
 ParOldGen       total 30208K, used 8268K [0x00000000c3800000, 0x00000000c5580000, 0x00000000ebd80000)
  object space 30208K, 27% used [0x00000000c3800000,0x00000000c40132e0,0x00000000c5580000)
 Metaspace       used 20690K, capacity 21184K, committed 21296K, reserved 1069056K
  class space    used 2474K, capacity 2586K, committed 2608K, reserved 1048576K
}
Event: 3,656 GC heap before
{Heap before GC invocations=10 (full 1):
 PSYoungGen      total 134144K, used 25188K [0x00000000ebd80000, 0x00000000f4880000, 0x0000000100000000)
  eden space 125952K, 19% used [0x00000000ebd80000,0x00000000ed6190c0,0x00000000f3880000)
  from space 8192K, 0% used [0x00000000f4080000,0x00000000f4080000,0x00000000f4880000)
  to   space 8192K, 0% used [0x00000000f3880000,0x00000000f3880000,0x00000000f4080000)
 ParOldGen       total 30208K, used 8268K [0x00000000c3800000, 0x00000000c5580000, 0x00000000ebd80000)
  object space 30208K, 27% used [0x00000000c3800000,0x00000000c40132e0,0x00000000c5580000)
 Metaspace       used 22942K, capacity 23488K, committed 23600K, reserved 1071104K
  class space    used 2705K, capacity 2842K, committed 2864K, reserved 1048576K

