# JRE version: OpenJDK Runtime Environment (8.0_121-b13) (build 1.8.0_121-8u121-b13-0ubuntu1.16.10.2-b13)
# Java VM: OpenJDK 64-Bit Server VM (25.121-b13 mixed mode linux-amd64 compressed oops)
Heap:
 PSYoungGen      total 134656K, used 8697K [0x00000000ebd80000, 0x00000000f4980000, 0x0000000100000000)
  eden space 125952K, 0% used [0x00000000ebd80000,0x00000000ebd80000,0x00000000f3880000)
  from space 8704K, 99% used [0x00000000f3880000,0x00000000f40fe420,0x00000000f4100000)
  to   space 8704K, 0% used [0x00000000f4100000,0x00000000f4100000,0x00000000f4980000)
 ParOldGen       total 33280K, used 10925K [0x00000000c3800000, 0x00000000c5880000, 0x00000000ebd80000)
  object space 33280K, 32% used [0x00000000c3800000,0x00000000c42ab6f8,0x00000000c5880000)
 Metaspace       used 26324K, capacity 26998K, committed 27184K, reserved 1073152K
  class space    used 3117K, capacity 3289K, committed 3376K, reserved 1048576K
GC Heap History (10 events):
Event: 1,585 GC heap after
Heap after GC invocations=5 (full 0):
 PSYoungGen      total 34304K, used 2544K [0x00000000ebd80000, 0x00000000f0780000, 0x0000000100000000)
  eden space 31744K, 0% used [0x00000000ebd80000,0x00000000ebd80000,0x00000000edc80000)
  from space 2560K, 99% used [0x00000000edc80000,0x00000000edefc030,0x00000000edf00000)
  to   space 6144K, 0% used [0x00000000f0180000,0x00000000f0180000,0x00000000f0780000)
 ParOldGen       total 42496K, used 6385K [0x00000000c3800000, 0x00000000c6180000, 0x00000000ebd80000)
  object space 42496K, 15% used [0x00000000c3800000,0x00000000c3e3c500,0x00000000c6180000)
 Metaspace       used 13624K, capacity 13782K, committed 14080K, reserved 1060864K
  class space    used 1670K, capacity 1735K, committed 1792K, reserved 1048576K
}
Event: 2,174 GC heap before
{Heap before GC invocations=6 (full 0):
 PSYoungGen      total 34304K, used 34288K [0x00000000ebd80000, 0x00000000f0780000, 0x0000000100000000)
  eden space 31744K, 100% used [0x00000000ebd80000,0x00000000edc80000,0x00000000edc80000)
  from space 2560K, 99% used [0x00000000edc80000,0x00000000edefc030,0x00000000edf00000)
  to   space 6144K, 0% used [0x00000000f0180000,0x00000000f0180000,0x00000000f0780000)
 ParOldGen       total 42496K, used 6385K [0x00000000c3800000, 0x00000000c6180000, 0x00000000ebd80000)
  object space 42496K, 15% used [0x00000000c3800000,0x00000000c3e3c500,0x00000000c6180000)
 Metaspace       used 16143K, capacity 16436K, committed 16640K, reserved 1064960K
  class space    used 1919K, capacity 2011K, committed 2048K, reserved 1048576K
Event: 2,184 GC heap after
Heap after GC invocations=6 (full 0):
 PSYoungGen      total 69120K, used 5813K [0x00000000ebd80000, 0x00000000f0880000, 0x0000000100000000)
  eden space 62976K, 0% used [0x00000000ebd80000,0x00000000ebd80000,0x00000000efb00000)
  from space 6144K, 94% used [0x00000000f0180000,0x00000000f072d5a0,0x00000000f0780000)
  to   space 6656K, 0% used [0x00000000efb00000,0x00000000efb00000,0x00000000f0180000)
 ParOldGen       total 42496K, used 6393K [0x00000000c3800000, 0x00000000c6180000, 0x00000000ebd80000)
  object space 42496K, 15% used [0x00000000c3800000,0x00000000c3e3e500,0x00000000c6180000)
 Metaspace       used 16143K, capacity 16436K, committed 16640K, reserved 1064960K
  class space    used 1919K, capacity 2011K, committed 2048K, reserved 1048576K
}
Event: 3,038 GC heap before
{Heap before GC invocations=7 (full 0):
 PSYoungGen      total 69120K, used 68789K [0x00000000ebd80000, 0x00000000f0880000, 0x0000000100000000)
  eden space 62976K, 100% used [0x00000000ebd80000,0x00000000efb00000,0x00000000efb00000)
  from space 6144K, 94% used [0x00000000f0180000,0x00000000f072d5a0,0x00000000f0780000)
  to   space 6656K, 0% used [0x00000000efb00000,0x00000000efb00000,0x00000000f0180000)
 ParOldGen       total 42496K, used 6393K [0x00000000c3800000, 0x00000000c6180000, 0x00000000ebd80000)
  object space 42496K, 15% used [0x00000000c3800000,0x00000000c3e3e500,0x00000000c6180000)
 Metaspace       used 20274K, capacity 20892K, committed 20992K, reserved 1067008K
  class space    used 2419K, capacity 2554K, committed 2560K, reserved 1048576K
Event: 3,056 GC heap after
Heap after GC invocations=7 (full 0):
 PSYoungGen      total 69632K, used 6649K [0x00000000ebd80000, 0x00000000f4980000, 0x0000000100000000)
  eden space 62976K, 0% used [0x00000000ebd80000,0x00000000ebd80000,0x00000000efb00000)
  from space 6656K, 99% used [0x00000000efb00000,0x00000000f017e788,0x00000000f0180000)
  to   space 8704K, 0% used [0x00000000f4100000,0x00000000f4100000,0x00000000f4980000)
 ParOldGen       total 42496K, used 7944K [0x00000000c3800000, 0x00000000c6180000, 0x00000000ebd80000)
  object space 42496K, 18% used [0x00000000c3800000,0x00000000c3fc21b8,0x00000000c6180000)
 Metaspace       used 20274K, capacity 20892K, committed 20992K, reserved 1067008K
  class space    used 2419K, capacity 2554K, committed 2560K, reserved 1048576K
}
Event: 3,092 GC heap before
{Heap before GC invocations=8 (full 0):
 PSYoungGen      total 69632K, used 9225K [0x00000000ebd80000, 0x00000000f4980000, 0x0000000100000000)
  eden space 62976K, 4% used [0x00000000ebd80000,0x00000000ec004020,0x00000000efb00000)
  from space 6656K, 99% used [0x00000000efb00000,0x00000000f017e788,0x00000000f0180000)
  to   space 8704K, 0% used [0x00000000f4100000,0x00000000f4100000,0x00000000f4980000)
 ParOldGen       total 42496K, used 7944K [0x00000000c3800000, 0x00000000c6180000, 0x00000000ebd80000)
  object space 42496K, 18% used [0x00000000c3800000,0x00000000c3fc21b8,0x00000000c6180000)
 Metaspace       used 20694K, capacity 21244K, committed 21296K, reserved 1069056K
  class space    used 2474K, capacity 2586K, committed 2608K, reserved 1048576K
Event: 3,101 GC heap after
Heap after GC invocations=8 (full 0):
 PSYoungGen      total 134656K, used 5728K [0x00000000ebd80000, 0x00000000f4980000, 0x0000000100000000)
  eden space 125952K, 0% used [0x00000000ebd80000,0x00000000ebd80000,0x00000000f3880000)
  from space 8704K, 65% used [0x00000000f4100000,0x00000000f4698040,0x00000000f4980000)
  to   space 8704K, 0% used [0x00000000f3880000,0x00000000f3880000,0x00000000f4100000)
 ParOldGen       total 42496K, used 8706K [0x00000000c3800000, 0x00000000c6180000, 0x00000000ebd80000)
  object space 42496K, 20% used [0x00000000c3800000,0x00000000c40809e8,0x00000000c6180000)
 Metaspace       used 20694K, capacity 21244K, committed 21296K, reserved 1069056K
  class space    used 2474K, capacity 2586K, committed 2608K, reserved 1048576K
}
Event: 3,101 GC heap before
{Heap before GC invocations=9 (full 1):
 PSYoungGen      total 134656K, used 5728K [0x00000000ebd80000, 0x00000000f4980000, 0x0000000100000000)
  eden space 125952K, 0% used [0x00000000ebd80000,0x00000000ebd80000,0x00000000f3880000)
  from space 8704K, 65% used [0x00000000f4100000,0x00000000f4698040,0x00000000f4980000)
  to   space 8704K, 0% used [0x00000000f3880000,0x00000000f3880000,0x00000000f4100000)
 ParOldGen       total 42496K, used 8706K [0x00000000c3800000, 0x00000000c6180000, 0x00000000ebd80000)
  object space 42496K, 20% used [0x00000000c3800000,0x00000000c40809e8,0x00000000c6180000)
 Metaspace       used 20694K, capacity 21244K, committed 21296K, reserved 1069056K
  class space    used 2474K, capacity 2586K, committed 2608K, reserved 1048576K
Event: 3,185 GC heap after
Heap after GC invocations=9 (full 1):
 PSYoungGen      total 134656K, used 0K [0x00000000ebd80000, 0x00000000f4980000, 0x0000000100000000)
  eden space 125952K, 0% used [0x00000000ebd80000,0x00000000ebd80000,0x00000000f3880000)
  from space 8704K, 0% used [0x00000000f4100000,0x00000000f4100000,0x00000000f4980000)
  to   space 8704K, 0% used [0x00000000f3880000,0x00000000f3880000,0x00000000f4100000)
 ParOldGen       total 33280K, used 9629K [0x00000000c3800000, 0x00000000c5880000, 0x00000000ebd80000)
  object space 33280K, 28% used [0x00000000c3800000,0x00000000c4167790,0x00000000c5880000)
 Metaspace       used 20694K, capacity 21244K, committed 21296K, reserved 1069056K
  class space    used 2474K, capacity 2586K, committed 2608K, reserved 1048576K
}
Event: 31,461 GC heap before
{Heap before GC invocations=10 (full 1):
 PSYoungGen      total 134656K, used 80498K [0x00000000ebd80000, 0x00000000f4980000, 0x0000000100000000)
  eden space 125952K, 63% used [0x00000000ebd80000,0x00000000f0c1c950,0x00000000f3880000)
  from space 8704K, 0% used [0x00000000f4100000,0x00000000f4100000,0x00000000f4980000)
  to   space 8704K, 0% used [0x00000000f3880000,0x00000000f3880000,0x00000000f4100000)
 ParOldGen       total 33280K, used 9629K [0x00000000c3800000, 0x00000000c5880000, 0x00000000ebd80000)
  object space 33280K, 28% used [0x00000000c3800000,0x00000000c4167790,0x00000000c5880000)
 Metaspace       used 26324K, capacity 26998K, committed 27184K, reserved 1073152K
  class space    used 3117K, capacity 3289K, committed 3376K, reserved 1048576K

