# JRE version: OpenJDK Runtime Environment (8.0_121-b13) (build 1.8.0_121-8u121-b13-0ubuntu1.16.10.2-b13)
# Java VM: OpenJDK 64-Bit Server VM (25.121-b13 mixed mode linux-amd64 compressed oops)
Heap:
 PSYoungGen      total 69632K, used 6624K [0x00000000ebd80000, 0x00000000f0880000, 0x0000000100000000)
  eden space 62976K, 0% used [0x00000000ebd80000,0x00000000ebd80000,0x00000000efb00000)
  from space 6656K, 99% used [0x00000000efb00000,0x00000000f0178040,0x00000000f0180000)
  to   space 6144K, 0% used [0x00000000f0180000,0x00000000f0180000,0x00000000f0780000)
 ParOldGen       total 42496K, used 7948K [0x00000000c3800000, 0x00000000c6180000, 0x00000000ebd80000)
  object space 42496K, 18% used [0x00000000c3800000,0x00000000c3fc3180,0x00000000c6180000)
 Metaspace       used 20184K, capacity 20764K, committed 20992K, reserved 1067008K
  class space    used 2412K, capacity 2554K, committed 2560K, reserved 1048576K
GC Heap History (10 events):
Event: 0,781 GC heap after
Heap after GC invocations=2 (full 0):
 PSYoungGen      total 18432K, used 2556K [0x00000000ebd80000, 0x00000000ee180000, 0x0000000100000000)
  eden space 15872K, 0% used [0x00000000ebd80000,0x00000000ebd80000,0x00000000ecd00000)
  from space 2560K, 99% used [0x00000000ecf80000,0x00000000ed1ff270,0x00000000ed200000)
  to   space 2560K, 0% used [0x00000000ecd00000,0x00000000ecd00000,0x00000000ecf80000)
 ParOldGen       total 42496K, used 714K [0x00000000c3800000, 0x00000000c6180000, 0x00000000ebd80000)
  object space 42496K, 1% used [0x00000000c3800000,0x00000000c38b2a50,0x00000000c6180000)
 Metaspace       used 7745K, capacity 7896K, committed 7936K, reserved 1056768K
  class space    used 950K, capacity 1016K, committed 1024K, reserved 1048576K
}
Event: 0,978 GC heap before
{Heap before GC invocations=3 (full 0):
 PSYoungGen      total 18432K, used 18428K [0x00000000ebd80000, 0x00000000ee180000, 0x0000000100000000)
  eden space 15872K, 100% used [0x00000000ebd80000,0x00000000ecd00000,0x00000000ecd00000)
  from space 2560K, 99% used [0x00000000ecf80000,0x00000000ed1ff270,0x00000000ed200000)
  to   space 2560K, 0% used [0x00000000ecd00000,0x00000000ecd00000,0x00000000ecf80000)
 ParOldGen       total 42496K, used 714K [0x00000000c3800000, 0x00000000c6180000, 0x00000000ebd80000)
  object space 42496K, 1% used [0x00000000c3800000,0x00000000c38b2a50,0x00000000c6180000)
 Metaspace       used 9391K, capacity 9584K, committed 9728K, reserved 1058816K
  class space    used 1126K, capacity 1213K, committed 1280K, reserved 1048576K
Event: 0,981 GC heap after
Heap after GC invocations=3 (full 0):
 PSYoungGen      total 18432K, used 2541K [0x00000000ebd80000, 0x00000000ee180000, 0x0000000100000000)
  eden space 15872K, 0% used [0x00000000ebd80000,0x00000000ebd80000,0x00000000ecd00000)
  from space 2560K, 99% used [0x00000000ecd00000,0x00000000ecf7b490,0x00000000ecf80000)
  to   space 2560K, 0% used [0x00000000edf00000,0x00000000edf00000,0x00000000ee180000)
 ParOldGen       total 42496K, used 2065K [0x00000000c3800000, 0x00000000c6180000, 0x00000000ebd80000)
  object space 42496K, 4% used [0x00000000c3800000,0x00000000c3a045b0,0x00000000c6180000)
 Metaspace       used 9391K, capacity 9584K, committed 9728K, reserved 1058816K
  class space    used 1126K, capacity 1213K, committed 1280K, reserved 1048576K
}
Event: 1,150 GC heap before
{Heap before GC invocations=4 (full 0):
 PSYoungGen      total 18432K, used 18413K [0x00000000ebd80000, 0x00000000ee180000, 0x0000000100000000)
  eden space 15872K, 100% used [0x00000000ebd80000,0x00000000ecd00000,0x00000000ecd00000)
  from space 2560K, 99% used [0x00000000ecd00000,0x00000000ecf7b490,0x00000000ecf80000)
  to   space 2560K, 0% used [0x00000000edf00000,0x00000000edf00000,0x00000000ee180000)
 ParOldGen       total 42496K, used 2065K [0x00000000c3800000, 0x00000000c6180000, 0x00000000ebd80000)
  object space 42496K, 4% used [0x00000000c3800000,0x00000000c3a045b0,0x00000000c6180000)
 Metaspace       used 11157K, capacity 11390K, committed 11520K, reserved 1058816K
  class space    used 1371K, capacity 1475K, committed 1536K, reserved 1048576K
Event: 1,154 GC heap after
Heap after GC invocations=4 (full 0):
 PSYoungGen      total 34304K, used 2544K [0x00000000ebd80000, 0x00000000ee180000, 0x0000000100000000)
  eden space 31744K, 0% used [0x00000000ebd80000,0x00000000ebd80000,0x00000000edc80000)
  from space 2560K, 99% used [0x00000000edf00000,0x00000000ee17c010,0x00000000ee180000)
  to   space 2560K, 0% used [0x00000000edc80000,0x00000000edc80000,0x00000000edf00000)
 ParOldGen       total 42496K, used 3978K [0x00000000c3800000, 0x00000000c6180000, 0x00000000ebd80000)
  object space 42496K, 9% used [0x00000000c3800000,0x00000000c3be2998,0x00000000c6180000)
 Metaspace       used 11157K, capacity 11390K, committed 11520K, reserved 1058816K
  class space    used 1371K, capacity 1475K, committed 1536K, reserved 1048576K
}
Event: 1,645 GC heap before
{Heap before GC invocations=5 (full 0):
 PSYoungGen      total 34304K, used 34288K [0x00000000ebd80000, 0x00000000ee180000, 0x0000000100000000)
  eden space 31744K, 100% used [0x00000000ebd80000,0x00000000edc80000,0x00000000edc80000)
  from space 2560K, 99% used [0x00000000edf00000,0x00000000ee17c010,0x00000000ee180000)
  to   space 2560K, 0% used [0x00000000edc80000,0x00000000edc80000,0x00000000edf00000)
 ParOldGen       total 42496K, used 3978K [0x00000000c3800000, 0x00000000c6180000, 0x00000000ebd80000)
  object space 42496K, 9% used [0x00000000c3800000,0x00000000c3be2998,0x00000000c6180000)
 Metaspace       used 13653K, capacity 13846K, committed 14080K, reserved 1060864K
  class space    used 1670K, capacity 1735K, committed 1792K, reserved 1048576K
Event: 1,653 GC heap after
Heap after GC invocations=5 (full 0):
 PSYoungGen      total 34304K, used 2544K [0x00000000ebd80000, 0x00000000f0780000, 0x0000000100000000)
  eden space 31744K, 0% used [0x00000000ebd80000,0x00000000ebd80000,0x00000000edc80000)
  from space 2560K, 99% used [0x00000000edc80000,0x00000000edefc030,0x00000000edf00000)
  to   space 6144K, 0% used [0x00000000f0180000,0x00000000f0180000,0x00000000f0780000)
 ParOldGen       total 42496K, used 6381K [0x00000000c3800000, 0x00000000c6180000, 0x00000000ebd80000)
  object space 42496K, 15% used [0x00000000c3800000,0x00000000c3e3b7b8,0x00000000c6180000)
 Metaspace       used 13653K, capacity 13846K, committed 14080K, reserved 1060864K
  class space    used 1670K, capacity 1735K, committed 1792K, reserved 1048576K
}
Event: 2,220 GC heap before
{Heap before GC invocations=6 (full 0):
 PSYoungGen      total 34304K, used 34288K [0x00000000ebd80000, 0x00000000f0780000, 0x0000000100000000)
  eden space 31744K, 100% used [0x00000000ebd80000,0x00000000edc80000,0x00000000edc80000)
  from space 2560K, 99% used [0x00000000edc80000,0x00000000edefc030,0x00000000edf00000)
  to   space 6144K, 0% used [0x00000000f0180000,0x00000000f0180000,0x00000000f0780000)
 ParOldGen       total 42496K, used 6381K [0x00000000c3800000, 0x00000000c6180000, 0x00000000ebd80000)
  object space 42496K, 15% used [0x00000000c3800000,0x00000000c3e3b7b8,0x00000000c6180000)
 Metaspace       used 16157K, capacity 16436K, committed 16640K, reserved 1064960K
  class space    used 1919K, capacity 2011K, committed 2048K, reserved 1048576K
Event: 2,237 GC heap after
Heap after GC invocations=6 (full 0):
 PSYoungGen      total 69120K, used 5747K [0x00000000ebd80000, 0x00000000f0880000, 0x0000000100000000)
  eden space 62976K, 0% used [0x00000000ebd80000,0x00000000ebd80000,0x00000000efb00000)
  from space 6144K, 93% used [0x00000000f0180000,0x00000000f071ce60,0x00000000f0780000)
  to   space 6656K, 0% used [0x00000000efb00000,0x00000000efb00000,0x00000000f0180000)
 ParOldGen       total 42496K, used 6389K [0x00000000c3800000, 0x00000000c6180000, 0x00000000ebd80000)
  object space 42496K, 15% used [0x00000000c3800000,0x00000000c3e3d7b8,0x00000000c6180000)
 Metaspace       used 16157K, capacity 16436K, committed 16640K, reserved 1064960K
  class space    used 1919K, capacity 2011K, committed 2048K, reserved 1048576K
}
Event: 3,136 GC heap before
{Heap before GC invocations=7 (full 0):
 PSYoungGen      total 69120K, used 68723K [0x00000000ebd80000, 0x00000000f0880000, 0x0000000100000000)
  eden space 62976K, 100% used [0x00000000ebd80000,0x00000000efb00000,0x00000000efb00000)
  from space 6144K, 93% used [0x00000000f0180000,0x00000000f071ce60,0x00000000f0780000)
  to   space 6656K, 0% used [0x00000000efb00000,0x00000000efb00000,0x00000000f0180000)
 ParOldGen       total 42496K, used 6389K [0x00000000c3800000, 0x00000000c6180000, 0x00000000ebd80000)
  object space 42496K, 15% used [0x00000000c3800000,0x00000000c3e3d7b8,0x00000000c6180000)
 Metaspace       used 20184K, capacity 20764K, committed 20992K, reserved 1067008K
  class space    used 2412K, capacity 2554K, committed 2560K, reserved 1048576K

